# JRE version: OpenJDK Runtime Environment (7.0_101) (build 1.7.0_101-b00)
# Java VM: OpenJDK 64-Bit Server VM (24.95-b01 mixed mode linux-amd64 compressed oops)
Heap
 PSYoungGen      total 58880K, used 9225K [0x00000007d6a80000, 0x00000007dc200000, 0x0000000800000000)
  eden space 31232K, 11% used [0x00000007d6a80000,0x00000007d6dfe4b0,0x00000007d8900000)
  from space 27648K, 20% used [0x00000007da700000,0x00000007dac83fd0,0x00000007dc200000)
  to   space 29184K, 0% used [0x00000007d8900000,0x00000007d8900000,0x00000007da580000)
 ParOldGen       total 84480K, used 38512K [0x0000000784000000, 0x0000000789280000, 0x00000007d6a80000)
  object space 84480K, 45% used [0x0000000784000000,0x000000078659c240,0x0000000789280000)
 PSPermGen       total 21504K, used 20275K [0x0000000779a00000, 0x000000077af00000, 0x0000000784000000)
  object space 21504K, 94% used [0x0000000779a00000,0x000000077adcce70,0x000000077af00000)
GC Heap History (10 events):
Event: 8.518 GC heap before
{Heap before GC invocations=2 (full 0):
 PSYoungGen      total 37376K, used 37369K [0x00000007d6a80000, 0x00000007d9400000, 0x0000000800000000)
  eden space 32256K, 100% used [0x00000007d6a80000,0x00000007d8a00000,0x00000007d8a00000)
  from space 5120K, 99% used [0x00000007d8a00000,0x00000007d8efe530,0x00000007d8f00000)
  to   space 5120K, 0% used [0x00000007d8f00000,0x00000007d8f00000,0x00000007d9400000)
 ParOldGen       total 84480K, used 24109K [0x0000000784000000, 0x0000000789280000, 0x00000007d6a80000)
  object space 84480K, 28% used [0x0000000784000000,0x000000078578b728,0x0000000789280000)
 PSPermGen       total 21504K, used 19521K [0x0000000779a00000, 0x000000077af00000, 0x0000000784000000)
  object space 21504K, 90% used [0x0000000779a00000,0x000000077ad10648,0x000000077af00000)
Event: 8.530 GC heap after
Heap after GC invocations=2 (full 0):
 PSYoungGen      total 37376K, used 5097K [0x00000007d6a80000, 0x00000007d9400000, 0x0000000800000000)
  eden space 32256K, 0% used [0x00000007d6a80000,0x00000007d6a80000,0x00000007d8a00000)
  from space 5120K, 99% used [0x00000007d8f00000,0x00000007d93fa7e0,0x00000007d9400000)
  to   space 5120K, 0% used [0x00000007d8a00000,0x00000007d8a00000,0x00000007d8f00000)
 ParOldGen       total 84480K, used 29937K [0x0000000784000000, 0x0000000789280000, 0x00000007d6a80000)
  object space 84480K, 35% used [0x0000000784000000,0x0000000785d3c740,0x0000000789280000)
 PSPermGen       total 21504K, used 19521K [0x0000000779a00000, 0x000000077af00000, 0x0000000784000000)
  object space 21504K, 90% used [0x0000000779a00000,0x000000077ad10648,0x000000077af00000)
}
Event: 15.753 GC heap before
{Heap before GC invocations=3 (full 0):
 PSYoungGen      total 37376K, used 37353K [0x00000007d6a80000, 0x00000007d9400000, 0x0000000800000000)
  eden space 32256K, 100% used [0x00000007d6a80000,0x00000007d8a00000,0x00000007d8a00000)
  from space 5120K, 99% used [0x00000007d8f00000,0x00000007d93fa7e0,0x00000007d9400000)
  to   space 5120K, 0% used [0x00000007d8a00000,0x00000007d8a00000,0x00000007d8f00000)
 ParOldGen       total 84480K, used 29937K [0x0000000784000000, 0x0000000789280000, 0x00000007d6a80000)
  object space 84480K, 35% used [0x0000000784000000,0x0000000785d3c740,0x0000000789280000)
 PSPermGen       total 21504K, used 19785K [0x0000000779a00000, 0x000000077af00000, 0x0000000784000000)
  object space 21504K, 92% used [0x0000000779a00000,0x000000077ad52510,0x000000077af00000)
Event: 15.762 GC heap after
Heap after GC invocations=3 (full 0):
 PSYoungGen      total 37376K, used 5093K [0x00000007d6a80000, 0x00000007d9400000, 0x0000000800000000)
  eden space 32256K, 0% used [0x00000007d6a80000,0x00000007d6a80000,0x00000007d8a00000)
  from space 5120K, 99% used [0x00000007d8a00000,0x00000007d8ef9580,0x00000007d8f00000)
  to   space 5120K, 0% used [0x00000007d8f00000,0x00000007d8f00000,0x00000007d9400000)
 ParOldGen       total 84480K, used 34841K [0x0000000784000000, 0x0000000789280000, 0x00000007d6a80000)
  object space 84480K, 41% used [0x0000000784000000,0x00000007862067a0,0x0000000789280000)
 PSPermGen       total 21504K, used 19785K [0x0000000779a00000, 0x000000077af00000, 0x0000000784000000)
  object space 21504K, 92% used [0x0000000779a00000,0x000000077ad52510,0x000000077af00000)
}
Event: 22.353 GC heap before
{Heap before GC invocations=4 (full 0):
 PSYoungGen      total 37376K, used 37349K [0x00000007d6a80000, 0x00000007d9400000, 0x0000000800000000)
  eden space 32256K, 100% used [0x00000007d6a80000,0x00000007d8a00000,0x00000007d8a00000)
  from space 5120K, 99% used [0x00000007d8a00000,0x00000007d8ef9580,0x00000007d8f00000)
  to   space 5120K, 0% used [0x00000007d8f00000,0x00000007d8f00000,0x00000007d9400000)
 ParOldGen       total 84480K, used 34841K [0x0000000784000000, 0x0000000789280000, 0x00000007d6a80000)
  object space 84480K, 41% used [0x0000000784000000,0x00000007862067a0,0x0000000789280000)
 PSPermGen       total 21504K, used 19804K [0x0000000779a00000, 0x000000077af00000, 0x0000000784000000)
  object space 21504K, 92% used [0x0000000779a00000,0x000000077ad570b8,0x000000077af00000)
Event: 22.361 GC heap after
Heap after GC invocations=4 (full 0):
 PSYoungGen      total 37376K, used 5090K [0x00000007d6a80000, 0x00000007d9400000, 0x0000000800000000)
  eden space 32256K, 0% used [0x00000007d6a80000,0x00000007d6a80000,0x00000007d8a00000)
  from space 5120K, 99% used [0x00000007d8f00000,0x00000007d93f8910,0x00000007d9400000)
  to   space 5120K, 0% used [0x00000007d8a00000,0x00000007d8a00000,0x00000007d8f00000)
 ParOldGen       total 84480K, used 35208K [0x0000000784000000, 0x0000000789280000, 0x00000007d6a80000)
  object space 84480K, 41% used [0x0000000784000000,0x00000007862623a0,0x0000000789280000)
 PSPermGen       total 21504K, used 19804K [0x0000000779a00000, 0x000000077af00000, 0x0000000784000000)
  object space 21504K, 92% used [0x0000000779a00000,0x000000077ad570b8,0x000000077af00000)
}
Event: 28.778 GC heap before
{Heap before GC invocations=5 (full 0):
 PSYoungGen      total 37376K, used 37346K [0x00000007d6a80000, 0x00000007d9400000, 0x0000000800000000)
  eden space 32256K, 100% used [0x00000007d6a80000,0x00000007d8a00000,0x00000007d8a00000)
  from space 5120K, 99% used [0x00000007d8f00000,0x00000007d93f8910,0x00000007d9400000)
  to   space 5120K, 0% used [0x00000007d8a00000,0x00000007d8a00000,0x00000007d8f00000)
 ParOldGen       total 84480K, used 35208K [0x0000000784000000, 0x0000000789280000, 0x00000007d6a80000)
  object space 84480K, 41% used [0x0000000784000000,0x00000007862623a0,0x0000000789280000)
 PSPermGen       total 21504K, used 19855K [0x0000000779a00000, 0x000000077af00000, 0x0000000784000000)
  object space 21504K, 92% used [0x0000000779a00000,0x000000077ad63ee8,0x000000077af00000)
Event: 28.787 GC heap after
Heap after GC invocations=5 (full 0):
 PSYoungGen      total 36864K, used 5103K [0x00000007d6a80000, 0x00000007dc480000, 0x0000000800000000)
  eden space 31744K, 0% used [0x00000007d6a80000,0x00000007d6a80000,0x00000007d8980000)
  from space 5120K, 99% used [0x00000007d8a00000,0x00000007d8efbe50,0x00000007d8f00000)
  to   space 30208K, 0% used [0x00000007da700000,0x00000007da700000,0x00000007dc480000)
 ParOldGen       total 84480K, used 38512K [0x0000000784000000, 0x0000000789280000, 0x00000007d6a80000)
  object space 84480K, 45% used [0x0000000784000000,0x000000078659c240,0x0000000789280000)
 PSPermGen       total 21504K, used 19855K [0x0000000779a00000, 0x000000077af00000, 0x0000000784000000)
  object space 21504K, 92% used [0x0000000779a00000,0x000000077ad63ee8,0x000000077af00000)
}
Event: 39.974 GC heap before
{Heap before GC invocations=6 (full 0):
 PSYoungGen      total 36864K, used 36847K [0x00000007d6a80000, 0x00000007dc480000, 0x0000000800000000)
  eden space 31744K, 100% used [0x00000007d6a80000,0x00000007d8980000,0x00000007d8980000)
  from space 5120K, 99% used [0x00000007d8a00000,0x00000007d8efbe50,0x00000007d8f00000)
  to   space 30208K, 0% used [0x00000007da700000,0x00000007da700000,0x00000007dc480000)
 ParOldGen       total 84480K, used 38512K [0x0000000784000000, 0x0000000789280000, 0x00000007d6a80000)
  object space 84480K, 45% used [0x0000000784000000,0x000000078659c240,0x0000000789280000)
 PSPermGen       total 21504K, used 20176K [0x0000000779a00000, 0x000000077af00000, 0x0000000784000000)
  object space 21504K, 93% used [0x0000000779a00000,0x000000077adb40a8,0x000000077af00000)
Event: 39.984 GC heap after
Heap after GC invocations=6 (full 0):
 PSYoungGen      total 58880K, used 5647K [0x00000007d6a80000, 0x00000007dc200000, 0x0000000800000000)
  eden space 31232K, 0% used [0x00000007d6a80000,0x00000007d6a80000,0x00000007d8900000)
  from space 27648K, 20% used [0x00000007da700000,0x00000007dac83fd0,0x00000007dc200000)
  to   space 29184K, 0% used [0x00000007d8900000,0x00000007d8900000,0x00000007da580000)
 ParOldGen       total 84480K, used 38512K [0x0000000784000000, 0x0000000789280000, 0x00000007d6a80000)
  object space 84480K, 45% used [0x0000000784000000,0x000000078659c240,0x0000000789280000)
 PSPermGen       total 21504K, used 20176K [0x0000000779a00000, 0x000000077af00000, 0x0000000784000000)
  object space 21504K, 93% used [0x0000000779a00000,0x000000077adb40a8,0x000000077af00000)
}

