# JRE version: OpenJDK Runtime Environment (7.0_95) (build 1.7.0_95-b00)
# Java VM: OpenJDK 64-Bit Server VM (24.95-b01 mixed mode linux-amd64 compressed oops)
Heap
 PSYoungGen      total 37376K, used 12628K [0x00000007d6d00000, 0x00000007d9680000, 0x0000000800000000)
  eden space 32256K, 23% used [0x00000007d6d00000,0x00000007d7457c78,0x00000007d8c80000)
  from space 5120K, 99% used [0x00000007d8c80000,0x00000007d917d758,0x00000007d9180000)
  to   space 5120K, 0% used [0x00000007d9180000,0x00000007d9180000,0x00000007d9680000)
 ParOldGen       total 83968K, used 14649K [0x0000000784800000, 0x0000000789a00000, 0x00000007d6d00000)
  object space 83968K, 17% used [0x0000000784800000,0x000000078564e7b0,0x0000000789a00000)
 PSPermGen       total 21504K, used 18073K [0x000000077a200000, 0x000000077b700000, 0x0000000784800000)
  object space 21504K, 84% used [0x000000077a200000,0x000000077b3a64f0,0x000000077b700000)
GC Heap History (6 events):
Event: 3,885 GC heap before
{Heap before GC invocations=1 (full 0):
 PSYoungGen      total 37376K, used 32256K [0x00000007d6d00000, 0x00000007d9680000, 0x0000000800000000)
  eden space 32256K, 100% used [0x00000007d6d00000,0x00000007d8c80000,0x00000007d8c80000)
  from space 5120K, 0% used [0x00000007d9180000,0x00000007d9180000,0x00000007d9680000)
  to   space 5120K, 0% used [0x00000007d8c80000,0x00000007d8c80000,0x00000007d9180000)
 ParOldGen       total 83968K, used 0K [0x0000000784800000, 0x0000000789a00000, 0x00000007d6d00000)
  object space 83968K, 0% used [0x0000000784800000,0x0000000784800000,0x0000000789a00000)
 PSPermGen       total 21504K, used 17106K [0x000000077a200000, 0x000000077b700000, 0x0000000784800000)
  object space 21504K, 79% used [0x000000077a200000,0x000000077b2b4ac0,0x000000077b700000)
Event: 3,893 GC heap after
Heap after GC invocations=1 (full 0):
 PSYoungGen      total 37376K, used 5090K [0x00000007d6d00000, 0x00000007d9680000, 0x0000000800000000)
  eden space 32256K, 0% used [0x00000007d6d00000,0x00000007d6d00000,0x00000007d8c80000)
  from space 5120K, 99% used [0x00000007d8c80000,0x00000007d91789d8,0x00000007d9180000)
  to   space 5120K, 0% used [0x00000007d9180000,0x00000007d9180000,0x00000007d9680000)
 ParOldGen       total 83968K, used 3246K [0x0000000784800000, 0x0000000789a00000, 0x00000007d6d00000)
  object space 83968K, 3% used [0x0000000784800000,0x0000000784b2b960,0x0000000789a00000)
 PSPermGen       total 21504K, used 17106K [0x000000077a200000, 0x000000077b700000, 0x0000000784800000)
  object space 21504K, 79% used [0x000000077a200000,0x000000077b2b4ac0,0x000000077b700000)
}
Event: 7,245 GC heap before
{Heap before GC invocations=2 (full 0):
 PSYoungGen      total 37376K, used 36471K [0x00000007d6d00000, 0x00000007d9680000, 0x0000000800000000)
  eden space 32256K, 97% used [0x00000007d6d00000,0x00000007d8ba5428,0x00000007d8c80000)
  from space 5120K, 99% used [0x00000007d8c80000,0x00000007d91789d8,0x00000007d9180000)
  to   space 5120K, 0% used [0x00000007d9180000,0x00000007d9180000,0x00000007d9680000)
 ParOldGen       total 83968K, used 3246K [0x0000000784800000, 0x0000000789a00000, 0x00000007d6d00000)
  object space 83968K, 3% used [0x0000000784800000,0x0000000784b2b960,0x0000000789a00000)
 PSPermGen       total 21504K, used 17770K [0x000000077a200000, 0x000000077b700000, 0x0000000784800000)
  object space 21504K, 82% used [0x000000077a200000,0x000000077b35aad0,0x000000077b700000)
Event: 7,254 GC heap after
Heap after GC invocations=2 (full 0):
 PSYoungGen      total 37376K, used 5119K [0x00000007d6d00000, 0x00000007d9680000, 0x0000000800000000)
  eden space 32256K, 0% used [0x00000007d6d00000,0x00000007d6d00000,0x00000007d8c80000)
  from space 5120K, 99% used [0x00000007d9180000,0x00000007d967fef8,0x00000007d9680000)
  to   space 5120K, 0% used [0x00000007d8c80000,0x00000007d8c80000,0x00000007d9180000)
 ParOldGen       total 83968K, used 8729K [0x0000000784800000, 0x0000000789a00000, 0x00000007d6d00000)
  object space 83968K, 10% used [0x0000000784800000,0x0000000785086730,0x0000000789a00000)
 PSPermGen       total 21504K, used 17770K [0x000000077a200000, 0x000000077b700000, 0x0000000784800000)
  object space 21504K, 82% used [0x000000077a200000,0x000000077b35aad0,0x000000077b700000)
}
Event: 8,912 GC heap before
{Heap before GC invocations=3 (full 0):
 PSYoungGen      total 37376K, used 37375K [0x00000007d6d00000, 0x00000007d9680000, 0x0000000800000000)
  eden space 32256K, 100% used [0x00000007d6d00000,0x00000007d8c80000,0x00000007d8c80000)
  from space 5120K, 99% used [0x00000007d9180000,0x00000007d967fef8,0x00000007d9680000)
  to   space 5120K, 0% used [0x00000007d8c80000,0x00000007d8c80000,0x00000007d9180000)
 ParOldGen       total 83968K, used 8729K [0x0000000784800000, 0x0000000789a00000, 0x00000007d6d00000)
  object space 83968K, 10% used [0x0000000784800000,0x0000000785086730,0x0000000789a00000)
 PSPermGen       total 21504K, used 18032K [0x000000077a200000, 0x000000077b700000, 0x0000000784800000)
  object space 21504K, 83% used [0x000000077a200000,0x000000077b39c188,0x000000077b700000)
Event: 8,918 GC heap after
Heap after GC invocations=3 (full 0):
 PSYoungGen      total 37376K, used 5109K [0x00000007d6d00000, 0x00000007d9680000, 0x0000000800000000)
  eden space 32256K, 0% used [0x00000007d6d00000,0x00000007d6d00000,0x00000007d8c80000)
  from space 5120K, 99% used [0x00000007d8c80000,0x00000007d917d758,0x00000007d9180000)
  to   space 5120K, 0% used [0x00000007d9180000,0x00000007d9180000,0x00000007d9680000)
 ParOldGen       total 83968K, used 14649K [0x0000000784800000, 0x0000000789a00000, 0x00000007d6d00000)
  object space 83968K, 17% used [0x0000000784800000,0x000000078564e7b0,0x0000000789a00000)
 PSPermGen       total 21504K, used 18032K [0x000000077a200000, 0x000000077b700000, 0x0000000784800000)
  object space 21504K, 83% used [0x000000077a200000,0x000000077b39c188,0x000000077b700000)
}

