# JRE version: OpenJDK Runtime Environment (7.0_95) (build 1.7.0_95-b00)
# Java VM: OpenJDK 64-Bit Server VM (24.95-b01 mixed mode linux-amd64 compressed oops)
Heap
 PSYoungGen      total 37376K, used 22692K [0x00000007d6d00000, 0x00000007d9680000, 0x0000000800000000)
  eden space 32256K, 54% used [0x00000007d6d00000,0x00000007d7e2d100,0x00000007d8c80000)
  from space 5120K, 99% used [0x00000007d9180000,0x00000007d967bfb8,0x00000007d9680000)
  to   space 5120K, 0% used [0x00000007d8c80000,0x00000007d8c80000,0x00000007d9180000)
 ParOldGen       total 83968K, used 11571K [0x0000000784800000, 0x0000000789a00000, 0x00000007d6d00000)
  object space 83968K, 13% used [0x0000000784800000,0x000000078534ce68,0x0000000789a00000)
 PSPermGen       total 21504K, used 18324K [0x000000077a200000, 0x000000077b700000, 0x0000000784800000)
  object space 21504K, 85% used [0x000000077a200000,0x000000077b3e53f8,0x000000077b700000)
GC Heap History (4 events):
Event: 3,028 GC heap before
{Heap before GC invocations=1 (full 0):
 PSYoungGen      total 37376K, used 32256K [0x00000007d6d00000, 0x00000007d9680000, 0x0000000800000000)
  eden space 32256K, 100% used [0x00000007d6d00000,0x00000007d8c80000,0x00000007d8c80000)
  from space 5120K, 0% used [0x00000007d9180000,0x00000007d9180000,0x00000007d9680000)
  to   space 5120K, 0% used [0x00000007d8c80000,0x00000007d8c80000,0x00000007d9180000)
 ParOldGen       total 83968K, used 0K [0x0000000784800000, 0x0000000789a00000, 0x00000007d6d00000)
  object space 83968K, 0% used [0x0000000784800000,0x0000000784800000,0x0000000789a00000)
 PSPermGen       total 21504K, used 17149K [0x000000077a200000, 0x000000077b700000, 0x0000000784800000)
  object space 21504K, 79% used [0x000000077a200000,0x000000077b2bf6f0,0x000000077b700000)
Event: 3,037 GC heap after
Heap after GC invocations=1 (full 0):
 PSYoungGen      total 37376K, used 5107K [0x00000007d6d00000, 0x00000007d9680000, 0x0000000800000000)
  eden space 32256K, 0% used [0x00000007d6d00000,0x00000007d6d00000,0x00000007d8c80000)
  from space 5120K, 99% used [0x00000007d8c80000,0x00000007d917ce10,0x00000007d9180000)
  to   space 5120K, 0% used [0x00000007d9180000,0x00000007d9180000,0x00000007d9680000)
 ParOldGen       total 83968K, used 3255K [0x0000000784800000, 0x0000000789a00000, 0x00000007d6d00000)
  object space 83968K, 3% used [0x0000000784800000,0x0000000784b2dc70,0x0000000789a00000)
 PSPermGen       total 21504K, used 17149K [0x000000077a200000, 0x000000077b700000, 0x0000000784800000)
  object space 21504K, 79% used [0x000000077a200000,0x000000077b2bf6f0,0x000000077b700000)
}
Event: 6,257 GC heap before
{Heap before GC invocations=2 (full 0):
 PSYoungGen      total 37376K, used 37363K [0x00000007d6d00000, 0x00000007d9680000, 0x0000000800000000)
  eden space 32256K, 100% used [0x00000007d6d00000,0x00000007d8c80000,0x00000007d8c80000)
  from space 5120K, 99% used [0x00000007d8c80000,0x00000007d917ce10,0x00000007d9180000)
  to   space 5120K, 0% used [0x00000007d9180000,0x00000007d9180000,0x00000007d9680000)
 ParOldGen       total 83968K, used 3255K [0x0000000784800000, 0x0000000789a00000, 0x00000007d6d00000)
  object space 83968K, 3% used [0x0000000784800000,0x0000000784b2dc70,0x0000000789a00000)
 PSPermGen       total 21504K, used 17890K [0x000000077a200000, 0x000000077b700000, 0x0000000784800000)
  object space 21504K, 83% used [0x000000077a200000,0x000000077b378978,0x000000077b700000)
Event: 6,265 GC heap after
Heap after GC invocations=2 (full 0):
 PSYoungGen      total 37376K, used 5103K [0x00000007d6d00000, 0x00000007d9680000, 0x0000000800000000)
  eden space 32256K, 0% used [0x00000007d6d00000,0x00000007d6d00000,0x00000007d8c80000)
  from space 5120K, 99% used [0x00000007d9180000,0x00000007d967bfb8,0x00000007d9680000)
  to   space 5120K, 0% used [0x00000007d8c80000,0x00000007d8c80000,0x00000007d9180000)
 ParOldGen       total 83968K, used 11571K [0x0000000784800000, 0x0000000789a00000, 0x00000007d6d00000)
  object space 83968K, 13% used [0x0000000784800000,0x000000078534ce68,0x0000000789a00000)
 PSPermGen       total 21504K, used 17890K [0x000000077a200000, 0x000000077b700000, 0x0000000784800000)
  object space 21504K, 83% used [0x000000077a200000,0x000000077b378978,0x000000077b700000)
}

