# JRE version: OpenJDK Runtime Environment (7.0_95) (build 1.7.0_95-b00)
# Java VM: OpenJDK 64-Bit Server VM (24.95-b01 mixed mode linux-amd64 compressed oops)
Heap
 PSYoungGen      total 37376K, used 6341K [0x00000007d6d00000, 0x00000007d9680000, 0x0000000800000000)
  eden space 32256K, 3% used [0x00000007d6d00000,0x00000007d6e383c0,0x00000007d8c80000)
  from space 5120K, 99% used [0x00000007d8c80000,0x00000007d91792b8,0x00000007d9180000)
  to   space 5120K, 0% used [0x00000007d9180000,0x00000007d9180000,0x00000007d9680000)
 ParOldGen       total 83968K, used 19987K [0x0000000784800000, 0x0000000789a00000, 0x00000007d6d00000)
  object space 83968K, 23% used [0x0000000784800000,0x0000000785b84f50,0x0000000789a00000)
 PSPermGen       total 21504K, used 18283K [0x000000077a200000, 0x000000077b700000, 0x0000000784800000)
  object space 21504K, 85% used [0x000000077a200000,0x000000077b3dac38,0x000000077b700000)
GC Heap History (6 events):
Event: 4,250 GC heap before
{Heap before GC invocations=1 (full 0):
 PSYoungGen      total 37376K, used 32256K [0x00000007d6d00000, 0x00000007d9680000, 0x0000000800000000)
  eden space 32256K, 100% used [0x00000007d6d00000,0x00000007d8c80000,0x00000007d8c80000)
  from space 5120K, 0% used [0x00000007d9180000,0x00000007d9180000,0x00000007d9680000)
  to   space 5120K, 0% used [0x00000007d8c80000,0x00000007d8c80000,0x00000007d9180000)
 ParOldGen       total 83968K, used 0K [0x0000000784800000, 0x0000000789a00000, 0x00000007d6d00000)
  object space 83968K, 0% used [0x0000000784800000,0x0000000784800000,0x0000000789a00000)
 PSPermGen       total 21504K, used 17095K [0x000000077a200000, 0x000000077b700000, 0x0000000784800000)
  object space 21504K, 79% used [0x000000077a200000,0x000000077b2b1db8,0x000000077b700000)
Event: 4,260 GC heap after
Heap after GC invocations=1 (full 0):
 PSYoungGen      total 37376K, used 5098K [0x00000007d6d00000, 0x00000007d9680000, 0x0000000800000000)
  eden space 32256K, 0% used [0x00000007d6d00000,0x00000007d6d00000,0x00000007d8c80000)
  from space 5120K, 99% used [0x00000007d8c80000,0x00000007d917aa20,0x00000007d9180000)
  to   space 5120K, 0% used [0x00000007d9180000,0x00000007d9180000,0x00000007d9680000)
 ParOldGen       total 83968K, used 6153K [0x0000000784800000, 0x0000000789a00000, 0x00000007d6d00000)
  object space 83968K, 7% used [0x0000000784800000,0x0000000784e025b8,0x0000000789a00000)
 PSPermGen       total 21504K, used 17095K [0x000000077a200000, 0x000000077b700000, 0x0000000784800000)
  object space 21504K, 79% used [0x000000077a200000,0x000000077b2b1db8,0x000000077b700000)
}
Event: 10,615 GC heap before
{Heap before GC invocations=2 (full 0):
 PSYoungGen      total 37376K, used 37354K [0x00000007d6d00000, 0x00000007d9680000, 0x0000000800000000)
  eden space 32256K, 100% used [0x00000007d6d00000,0x00000007d8c80000,0x00000007d8c80000)
  from space 5120K, 99% used [0x00000007d8c80000,0x00000007d917aa20,0x00000007d9180000)
  to   space 5120K, 0% used [0x00000007d9180000,0x00000007d9180000,0x00000007d9680000)
 ParOldGen       total 83968K, used 6153K [0x0000000784800000, 0x0000000789a00000, 0x00000007d6d00000)
  object space 83968K, 7% used [0x0000000784800000,0x0000000784e025b8,0x0000000789a00000)
 PSPermGen       total 21504K, used 17659K [0x000000077a200000, 0x000000077b700000, 0x0000000784800000)
  object space 21504K, 82% used [0x000000077a200000,0x000000077b33edf0,0x000000077b700000)
Event: 10,624 GC heap after
Heap after GC invocations=2 (full 0):
 PSYoungGen      total 37376K, used 5097K [0x00000007d6d00000, 0x00000007d9680000, 0x0000000800000000)
  eden space 32256K, 0% used [0x00000007d6d00000,0x00000007d6d00000,0x00000007d8c80000)
  from space 5120K, 99% used [0x00000007d9180000,0x00000007d967a568,0x00000007d9680000)
  to   space 5120K, 0% used [0x00000007d8c80000,0x00000007d8c80000,0x00000007d9180000)
 ParOldGen       total 83968K, used 11149K [0x0000000784800000, 0x0000000789a00000, 0x00000007d6d00000)
  object space 83968K, 13% used [0x0000000784800000,0x00000007852e3618,0x0000000789a00000)
 PSPermGen       total 21504K, used 17659K [0x000000077a200000, 0x000000077b700000, 0x0000000784800000)
  object space 21504K, 82% used [0x000000077a200000,0x000000077b33edf0,0x000000077b700000)
}
Event: 15,353 GC heap before
{Heap before GC invocations=3 (full 0):
 PSYoungGen      total 37376K, used 37353K [0x00000007d6d00000, 0x00000007d9680000, 0x0000000800000000)
  eden space 32256K, 100% used [0x00000007d6d00000,0x00000007d8c80000,0x00000007d8c80000)
  from space 5120K, 99% used [0x00000007d9180000,0x00000007d967a568,0x00000007d9680000)
  to   space 5120K, 0% used [0x00000007d8c80000,0x00000007d8c80000,0x00000007d9180000)
 ParOldGen       total 83968K, used 11149K [0x0000000784800000, 0x0000000789a00000, 0x00000007d6d00000)
  object space 83968K, 13% used [0x0000000784800000,0x00000007852e3618,0x0000000789a00000)
 PSPermGen       total 21504K, used 18276K [0x000000077a200000, 0x000000077b700000, 0x0000000784800000)
  object space 21504K, 84% used [0x000000077a200000,0x000000077b3d9270,0x000000077b700000)
Event: 15,363 GC heap after
Heap after GC invocations=3 (full 0):
 PSYoungGen      total 37376K, used 5092K [0x00000007d6d00000, 0x00000007d9680000, 0x0000000800000000)
  eden space 32256K, 0% used [0x00000007d6d00000,0x00000007d6d00000,0x00000007d8c80000)
  from space 5120K, 99% used [0x00000007d8c80000,0x00000007d91792b8,0x00000007d9180000)
  to   space 5120K, 0% used [0x00000007d9180000,0x00000007d9180000,0x00000007d9680000)
 ParOldGen       total 83968K, used 19987K [0x0000000784800000, 0x0000000789a00000, 0x00000007d6d00000)
  object space 83968K, 23% used [0x0000000784800000,0x0000000785b84f50,0x0000000789a00000)
 PSPermGen       total 21504K, used 18276K [0x000000077a200000, 0x000000077b700000, 0x0000000784800000)
  object space 21504K, 84% used [0x000000077a200000,0x000000077b3d9270,0x000000077b700000)
}

